# JRE version: Java(TM) SE Runtime Environment (8.0_181-b13) (build 1.8.0_181-b13)
# Java VM: Java HotSpot(TM) 64-Bit Server VM (25.181-b13 mixed mode linux-amd64 compressed oops)
Heap:
 PSYoungGen      total 587264K, used 326102K [0x00000006eab00000, 0x0000000714100000, 0x00000007c0000000)
  eden space 503808K, 53% used [0x00000006eab00000,0x00000006fb37e650,0x0000000709700000)
  from space 83456K, 66% used [0x000000070ec80000,0x0000000712277450,0x0000000713e00000)
  to   space 87040K, 0% used [0x0000000709700000,0x0000000709700000,0x000000070ec00000)
 ParOldGen       total 3858432K, used 3650435K [0x0000000540000000, 0x000000062b800000, 0x00000006eab00000)
  object space 3858432K, 94% used [0x0000000540000000,0x000000061ece0dc0,0x000000062b800000)
 Metaspace       used 87538K, capacity 89056K, committed 89304K, reserved 1126400K
  class space    used 12399K, capacity 12676K, committed 12800K, reserved 1048576K
GC Heap History (10 events):
Event: 17.481 GC heap before
{Heap before GC invocations=29 (full 5):
 PSYoungGen      total 459776K, used 430324K [0x00000006eab00000, 0x000000070dc00000, 0x00000007c0000000)
  eden space 394752K, 99% used [0x00000006eab00000,0x0000000702c36910,0x0000000702c80000)
  from space 65024K, 55% used [0x0000000702c80000,0x0000000704f868a8,0x0000000706c00000)
  to   space 66048K, 0% used [0x0000000709b80000,0x0000000709b80000,0x000000070dc00000)
 ParOldGen       total 599040K, used 378435K [0x0000000540000000, 0x0000000564900000, 0x00000006eab00000)
  object space 599040K, 63% used [0x0000000540000000,0x0000000557190f00,0x0000000564900000)
 Metaspace       used 85464K, capacity 86680K, committed 87000K, reserved 1124352K
  class space    used 12203K, capacity 12421K, committed 12544K, reserved 1048576K
Event: 17.547 GC heap after
Heap after GC invocations=29 (full 5):
 PSYoungGen      total 504832K, used 44361K [0x00000006eab00000, 0x000000070e380000, 0x00000007c0000000)
  eden space 438784K, 0% used [0x00000006eab00000,0x00000006eab00000,0x0000000705780000)
  from space 66048K, 67% used [0x0000000709b80000,0x000000070c6d2508,0x000000070dc00000)
  to   space 69632K, 0% used [0x0000000705780000,0x0000000705780000,0x0000000709b80000)
 ParOldGen       total 599040K, used 378443K [0x0000000540000000, 0x0000000564900000, 0x00000006eab00000)
  object space 599040K, 63% used [0x0000000540000000,0x0000000557192f00,0x0000000564900000)
 Metaspace       used 85464K, capacity 86680K, committed 87000K, reserved 1124352K
  class space    used 12203K, capacity 12421K, committed 12544K, reserved 1048576K
}
Event: 19.110 GC heap before
{Heap before GC invocations=30 (full 5):
 PSYoungGen      total 504832K, used 483145K [0x00000006eab00000, 0x000000070e380000, 0x00000007c0000000)
  eden space 438784K, 100% used [0x00000006eab00000,0x0000000705780000,0x0000000705780000)
  from space 66048K, 67% used [0x0000000709b80000,0x000000070c6d2508,0x000000070dc00000)
  to   space 69632K, 0% used [0x0000000705780000,0x0000000705780000,0x0000000709b80000)
 ParOldGen       total 599040K, used 378443K [0x0000000540000000, 0x0000000564900000, 0x00000006eab00000)
  object space 599040K, 63% used [0x0000000540000000,0x0000000557192f00,0x0000000564900000)
 Metaspace       used 86230K, capacity 87590K, committed 87768K, reserved 1124352K
  class space    used 12261K, capacity 12472K, committed 12544K, reserved 1048576K
Event: 19.162 GC heap after
Heap after GC invocations=30 (full 5):
 PSYoungGen      total 508416K, used 18375K [0x00000006eab00000, 0x000000070fe00000, 0x00000007c0000000)
  eden space 438784K, 0% used [0x00000006eab00000,0x00000006eab00000,0x0000000705780000)
  from space 69632K, 26% used [0x0000000705780000,0x0000000706971e50,0x0000000709b80000)
  to   space 66048K, 0% used [0x000000070bd80000,0x000000070bd80000,0x000000070fe00000)
 ParOldGen       total 599040K, used 378451K [0x0000000540000000, 0x0000000564900000, 0x00000006eab00000)
  object space 599040K, 63% used [0x0000000540000000,0x0000000557194f00,0x0000000564900000)
 Metaspace       used 86230K, capacity 87590K, committed 87768K, reserved 1124352K
  class space    used 12261K, capacity 12472K, committed 12544K, reserved 1048576K
}
Event: 20.776 GC heap before
{Heap before GC invocations=31 (full 5):
 PSYoungGen      total 508416K, used 457159K [0x00000006eab00000, 0x000000070fe00000, 0x00000007c0000000)
  eden space 438784K, 100% used [0x00000006eab00000,0x0000000705780000,0x0000000705780000)
  from space 69632K, 26% used [0x0000000705780000,0x0000000706971e50,0x0000000709b80000)
  to   space 66048K, 0% used [0x000000070bd80000,0x000000070bd80000,0x000000070fe00000)
 ParOldGen       total 599040K, used 378451K [0x0000000540000000, 0x0000000564900000, 0x00000006eab00000)
  object space 599040K, 63% used [0x0000000540000000,0x0000000557194f00,0x0000000564900000)
 Metaspace       used 86838K, capacity 88324K, committed 88408K, reserved 1124352K
  class space    used 12320K, capacity 12590K, committed 12672K, reserved 1048576K
Event: 20.869 GC heap after
Heap after GC invocations=31 (full 5):
 PSYoungGen      total 529408K, used 66045K [0x00000006eab00000, 0x0000000711a80000, 0x00000007c0000000)
  eden space 463360K, 0% used [0x00000006eab00000,0x00000006eab00000,0x0000000706f80000)
  from space 66048K, 99% used [0x000000070bd80000,0x000000070fdff750,0x000000070fe00000)
  to   space 79872K, 0% used [0x0000000706f80000,0x0000000706f80000,0x000000070bd80000)
 ParOldGen       total 599040K, used 384694K [0x0000000540000000, 0x0000000564900000, 0x00000006eab00000)
  object space 599040K, 64% used [0x0000000540000000,0x00000005577ad9d0,0x0000000564900000)
 Metaspace       used 86838K, capacity 88324K, committed 88408K, reserved 1124352K
  class space    used 12320K, capacity 12590K, committed 12672K, reserved 1048576K
}
Event: 21.757 GC heap before
{Heap before GC invocations=32 (full 5):
 PSYoungGen      total 529408K, used 529405K [0x00000006eab00000, 0x0000000711a80000, 0x00000007c0000000)
  eden space 463360K, 100% used [0x00000006eab00000,0x0000000706f80000,0x0000000706f80000)
  from space 66048K, 99% used [0x000000070bd80000,0x000000070fdff750,0x000000070fe00000)
  to   space 79872K, 0% used [0x0000000706f80000,0x0000000706f80000,0x000000070bd80000)
 ParOldGen       total 599040K, used 384694K [0x0000000540000000, 0x0000000564900000, 0x00000006eab00000)
  object space 599040K, 64% used [0x0000000540000000,0x00000005577ad9d0,0x0000000564900000)
 Metaspace       used 86998K, capacity 88400K, committed 88664K, reserved 1126400K
  class space    used 12326K, capacity 12592K, committed 12672K, reserved 1048576K
Event: 21.813 GC heap after
Heap after GC invocations=32 (full 5):
 PSYoungGen      total 543232K, used 52495K [0x00000006eab00000, 0x0000000713e00000, 0x00000007c0000000)
  eden space 463360K, 0% used [0x00000006eab00000,0x00000006eab00000,0x0000000706f80000)
  from space 79872K, 65% used [0x0000000706f80000,0x000000070a2c3c20,0x000000070bd80000)
  to   space 83456K, 0% used [0x000000070ec80000,0x000000070ec80000,0x0000000713e00000)
 ParOldGen       total 599040K, used 392288K [0x0000000540000000, 0x0000000564900000, 0x00000006eab00000)
  object space 599040K, 65% used [0x0000000540000000,0x0000000557f18008,0x0000000564900000)
 Metaspace       used 86998K, capacity 88400K, committed 88664K, reserved 1126400K
  class space    used 12326K, capacity 12592K, committed 12672K, reserved 1048576K
}
Event: 22.663 GC heap before
{Heap before GC invocations=33 (full 5):
 PSYoungGen      total 543232K, used 515664K [0x00000006eab00000, 0x0000000713e00000, 0x00000007c0000000)
  eden space 463360K, 99% used [0x00000006eab00000,0x0000000706f504a8,0x0000000706f80000)
  from space 79872K, 65% used [0x0000000706f80000,0x000000070a2c3c20,0x000000070bd80000)
  to   space 83456K, 0% used [0x000000070ec80000,0x000000070ec80000,0x0000000713e00000)
 ParOldGen       total 599040K, used 392288K [0x0000000540000000, 0x0000000564900000, 0x00000006eab00000)
  object space 599040K, 65% used [0x0000000540000000,0x0000000557f18008,0x0000000564900000)
 Metaspace       used 87440K, capacity 88930K, committed 89176K, reserved 1126400K
  class space    used 12385K, capacity 12639K, committed 12672K, reserved 1048576K
Event: 22.685 GC heap after
Heap after GC invocations=33 (full 5):
 PSYoungGen      total 587264K, used 55261K [0x00000006eab00000, 0x0000000714100000, 0x00000007c0000000)
  eden space 503808K, 0% used [0x00000006eab00000,0x00000006eab00000,0x0000000709700000)
  from space 83456K, 66% used [0x000000070ec80000,0x0000000712277450,0x0000000713e00000)
  to   space 87040K, 0% used [0x0000000709700000,0x0000000709700000,0x000000070ec00000)
 ParOldGen       total 599040K, used 392296K [0x0000000540000000, 0x0000000564900000, 0x00000006eab00000)
  object space 599040K, 65% used [0x0000000540000000,0x0000000557f1a008,0x0000000564900000)
 Metaspace       used 87440K, capacity 88930K, committed 89176K, reserved 1126400K
  class space    used 12385K, capacity 12639K, committed 12672K, reserved 1048576K
}

